July 14th 2024, 12:19:09 pm	debac11a-79c8-4cac-b02b-870a7ed391c7	MongoServerError: E11000 duplicate key error collection: exam.examtypes index: examType_1 dup key: { examType: "testv2" }	POST	/exam-type	undefined
July 14th 2024, 12:42:41 pm	c895d203-8da6-4ec9-962f-8306910eea4a	MongoServerError: E11000 duplicate key error collection: exam.examtypes index: examType_1 dup key: { examType: "test" }	PATCH	/exam-type/669374f2149cf165e93903c8	undefined
July 14th 2024, 12:43:20 pm	c2d2610c-abee-452e-aaa1-54e551b1433f	MongoServerError: E11000 duplicate key error collection: exam.examtypes index: examType_1 dup key: { examType: "test" }	PATCH	/exam-type/669374f2149cf165e93903c8	undefined
July 14th 2024, 12:47:00 pm	a3eab548-03c7-4ff2-b006-d45680f0c9d3	MongoServerError: E11000 duplicate key error collection: exam.examtypes index: examType_1 dup key: { examType: "testv2" }	PATCH	/exam-type/669374f2149cf165e93903c8	undefined
July 14th 2024, 12:47:22 pm	358fa146-7389-4061-b66c-005212ff780b	MongoServerError: E11000 duplicate key error collection: exam.examtypes index: examType_1 dup key: { examType: "testv1" }	PATCH	/exam-type/669374f2149cf165e93903c8	undefined
July 14th 2024, 3:31:35 pm	8c4ddf47-8e4d-4879-8705-98c4f0f342e0	TypeError: ExamType.create(...).lean is not a function	POST	/exam-type	undefined
July 14th 2024, 3:32:23 pm	b4b1889d-fa98-4c53-981c-37f1fc111563	TypeError: ExamType.create(...).exec is not a function	POST	/exam-type	undefined
July 14th 2024, 3:44:19 pm	ed5765e0-92cf-4972-8420-14139e9264bf	TypeError: examTypeData.skip is not a function	GET	/exam-type?page=2	undefined
July 14th 2024, 3:44:32 pm	e41b94cd-a83f-4a23-8467-e66fc40e9cdc	TypeError: examTypeData.skip is not a function	GET	/exam-type?page=2	undefined
July 14th 2024, 3:46:54 pm	2a6c4685-1c98-4e5d-81aa-4e51bf24a4ad	TypeError: editExamType.where is not a function	GET	/exam-type?page=2	undefined
July 14th 2024, 5:59:55 pm	ef4374f0-bee8-4098-8696-82b39822ccf2	TypeError: "".sort is not a function	GET	/exam-type?page=1	undefined
July 14th 2024, 6:00:10 pm	a7bb6a1e-b489-4249-a02c-754d6668b8e9	TypeError: Cannot read properties of undefined (reading 'sort')	GET	/exam-type?page=1	undefined
July 14th 2024, 6:16:02 pm	83233f64-155c-4496-a53e-6330786f8ee7	CastError: Cast to Object failed for value "false" (type string) at path "$or.1" for model "ExamType"	GET	/exam-type?page=1	undefined
July 14th 2024, 6:26:23 pm	bb458c1b-a375-4417-9505-1bc885dfd853	CastError: Cast to date failed for value "Invalid Date" (type Date) at path "createdAt" for model "ExamType"	GET	/exam-type?page=1	undefined
July 14th 2024, 6:27:02 pm	0f9881b5-9f67-435f-8c1f-9d558af37bb4	Error: Can't use $options with Date.	GET	/exam-type?page=1	undefined
July 14th 2024, 6:29:41 pm	58eacdaf-0b00-4572-9ba3-d26d5f78e1b7	Error: Can't use $or with Date.	GET	/exam-type?page=1	undefined
July 14th 2024, 8:36:21 pm	bf314c89-cf81-4240-9136-42bf8e7103d3	TypeError: Math.celi is not a function	GET	/exam-type?page=1	undefined
July 15th 2024, 7:28:07 am	b870fedd-842e-498f-b1d1-df1a3af1e5b1	MongoServerError: $and/$or/$nor must be a nonempty array	GET	/exam-type?page=1	undefined
July 15th 2024, 10:09:51 am	914f0d98-eacb-4699-8179-8afec3c54795	SyntaxError: Expected double-quoted property name in JSON at position 32	POST	/exam-type/	undefined
July 15th 2024, 10:19:35 am	5eb8b98a-e2c1-4e37-94cb-c9230cb3da58	SyntaxError: Expected double-quoted property name in JSON at position 34	POST	/exam-type/	undefined
July 15th 2024, 10:19:40 am	9ec4c6b0-da02-4e33-b703-7f51592deccd	MongoServerError: E11000 duplicate key error collection: exam.examtypes index: examType_1 dup key: { examType: "VEETFFF" }	POST	/exam-type/	undefined
July 15th 2024, 1:34:35 pm	8bdce372-0233-4179-9056-aac323ecd78a	CastError: Cast to ObjectId failed for value "undefined" (type string) at path "_id" for model "ExamType"	GET	/exam-type/undefined	http://localhost:3000
July 15th 2024, 1:34:43 pm	4f033d4c-1e80-43ba-863f-d6cd55107bc9	CastError: Cast to ObjectId failed for value "undefined" (type string) at path "_id" for model "ExamType"	GET	/exam-type/undefined	http://localhost:3000
July 15th 2024, 1:35:46 pm	dbffeaa5-b4e4-4557-900a-76a8bf1f47f9	CastError: Cast to ObjectId failed for value "undefined" (type string) at path "_id" for model "ExamType"	GET	/exam-type/undefined	http://localhost:3000
July 15th 2024, 2:34:51 pm	03aff8d6-00fb-4726-93a3-7da12a224766	CastError: Cast to ObjectId failed for value "undefined" (type string) at path "_id" for model "ExamType"	GET	/exam-type/undefined	http://localhost:3000
July 15th 2024, 2:56:37 pm	6a3796c6-7d2b-4ffd-b58a-7e87b6eb48e4	MongoServerError: E11000 duplicate key error collection: 666aac5c75343c089bb6494d_exam.examtypes index: examType_1 dup key: { examType: "NEETV5" }	PATCH	/exam-type/6693a355446e06af6db9672d	http://localhost:3000
July 15th 2024, 3:14:50 pm	456f6e88-e039-4602-a1fc-22c55887aa34	MongoServerError: E11000 duplicate key error collection: 666aac5c75343c089bb6494d_exam.examtypes index: examType_1 dup key: { examType: "NEETV4" }	PATCH	/exam-type/6693a355446e06af6db9672d	http://localhost:3000
July 15th 2024, 3:30:50 pm	a76b26fe-8e4b-47bd-a613-fac86b459434	Error: valadation failed	POST	/exam-type	http://localhost:3000
July 15th 2024, 3:49:51 pm	1d9e606c-ee78-4684-aa1f-70c43175f274	MongoServerError: E11000 duplicate key error collection: exam.examtypes index: examType_1 dup key: { examType: "ASAS" }	POST	/exam-type	http://localhost:3000
July 15th 2024, 3:49:53 pm	2f268faa-b5ad-4f24-8f85-87f23a813541	MongoServerError: E11000 duplicate key error collection: exam.examtypes index: examType_1 dup key: { examType: "ASAS" }	POST	/exam-type	http://localhost:3000
July 16th 2024, 12:15:49 pm	55da09ff-5b36-42f8-a2d7-8aabe6e2f6bc	SyntaxError: Expected ',' or ']' after array element in JSON at position 97	POST	/students	undefined
July 16th 2024, 12:29:17 pm	8dd1541d-45e9-4ee9-81c0-c6afff6920c2	MongoServerError: E11000 duplicate key error collection: exam.students index: rollNo_1 dup key: { rollNo: "1" }	POST	/students	undefined
July 16th 2024, 1:40:59 pm	43a4f0fc-e188-4ef8-913e-fbf2dde9e472	MongoServerError: E11000 duplicate key error collection: 666aac5c75343c089bb6494d_exam.students index: rollNo_1 dup key: { rollNo: "1" }	PATCH	/students/66961a530da8f851ed2534c4	undefined
July 16th 2024, 3:25:31 pm	f2aa6873-b3d3-4228-81f0-818d0f38cb40	ValidationError: Student validation failed: enrolledExamType: Cast to string failed for value "[ '6694fc0ba7f1de913047f42f' ]" (type Array) at path "enrolledExamType"	POST	/students	undefined
July 16th 2024, 3:54:06 pm	2be5f8e9-f490-42ea-91c7-97c58743437c	CastError: Cast to ObjectId failed for value "c419c93f-b5f6-42f7-add5-1cb6324901da" (type string) at path "_id" for model "ExamType"	GET	/students/66964410d12b0e90b5c85d7d	undefined
July 16th 2024, 3:54:56 pm	088178e7-976c-4e75-9273-d54d59e43a55	CastError: Cast to ObjectId failed for value "c419c93f-b5f6-42f7-add5-1cb6324901da" (type string) at path "_id" for model "ExamType"	GET	/students/66964410d12b0e90b5c85d7d	undefined
July 16th 2024, 5:47:52 pm	78f80785-ef20-4980-9874-ad5774dac3a5	CastError: Cast to number failed for value "12" (type string) at path "phoneNo" for model "Student"	GET	/students?&filter=true&phone_no=12	undefined
July 16th 2024, 5:48:10 pm	3e6ccdfc-91ee-4c60-8ad2-5c1cec9b2cf4	CastError: Cast to number failed for value "12" (type number) at path "phoneNo" for model "Student"	GET	/students?&filter=true&phone_no=12	undefined
July 16th 2024, 5:57:35 pm	7561d41c-e82b-4be9-ab27-ff453c562273	Error: Can't use $and with Date.	GET	/students?&filter=true&start_date=2024-07-15&end_date=2024-07-17	undefined
July 17th 2024, 12:51:38 pm	357ae249-c982-4d88-956c-009022a6c828	MongoServerError: unknown top level operator: $regex. If you have a field name that starts with a '$' symbol, consider using $getField or $setField.	GET	/students?page=1?query-params=true&filter=true&roll_no=9	http://localhost:3000
July 17th 2024, 12:51:41 pm	07fc2f35-442d-4d51-a6fe-4ec492f5b2fc	MongoServerError: unknown top level operator: $regex. If you have a field name that starts with a '$' symbol, consider using $getField or $setField.	GET	/students?page=1?query-params=true&filter=true&roll_no=1	http://localhost:3000
July 17th 2024, 1:42:41 pm	b30a6c27-f184-4440-a70c-53183ef3b393	MongoServerError: E11000 duplicate key error collection: exam.students index: rollNo_1 dup key: { rollNo: "12" }	POST	/students	http://localhost:3000
July 17th 2024, 1:42:41 pm	9681e9c2-699b-49e4-8b67-789772f0637e	MongoServerError: E11000 duplicate key error collection: exam.students index: rollNo_1 dup key: { rollNo: "12" }	POST	/students	http://localhost:3000
July 17th 2024, 1:43:01 pm	4e45a477-ab6e-4ac8-a3e8-d80adfe7d90f	MongoServerError: E11000 duplicate key error collection: exam.students index: rollNo_1 dup key: { rollNo: "127" }	POST	/students	http://localhost:3000
July 17th 2024, 1:43:17 pm	4523ece9-0701-48d7-99f0-6e987fbe7582	MongoServerError: E11000 duplicate key error collection: exam.students index: rollNo_1 dup key: { rollNo: "12777" }	POST	/students	http://localhost:3000
July 17th 2024, 1:44:13 pm	9294ba23-5674-4a67-9a59-8ecb86f091db	MongoServerError: E11000 duplicate key error collection: exam.students index: rollNo_1 dup key: { rollNo: "12777" }	POST	/students	http://localhost:3000
July 17th 2024, 1:44:42 pm	531b3b7d-708f-4656-9b07-cef83c733847	MongoServerError: E11000 duplicate key error collection: exam.students index: rollNo_1 dup key: { rollNo: "12777" }	POST	/students	http://localhost:3000
July 17th 2024, 1:44:46 pm	73872de2-052e-4036-b699-152812cdf21b	MongoServerError: E11000 duplicate key error collection: exam.students index: rollNo_1 dup key: { rollNo: "12777" }	POST	/students	http://localhost:3000
July 17th 2024, 1:44:50 pm	12034b58-cc7f-4250-ad3c-29c18ea08ec0	MongoServerError: E11000 duplicate key error collection: exam.students index: rollNo_1 dup key: { rollNo: "12777" }	POST	/students	http://localhost:3000
July 17th 2024, 1:44:57 pm	ea7863dd-5600-4da9-b6ed-eb6e3a97bec4	MongoServerError: E11000 duplicate key error collection: exam.students index: rollNo_1 dup key: { rollNo: "12777" }	POST	/students	http://localhost:3000
July 17th 2024, 6:01:56 pm	b4db3fbd-7325-4052-819e-d0db02975799	SyntaxError: Expected double-quoted property name in JSON at position 33	POST	/subjects	undefined
July 17th 2024, 6:44:52 pm	16dd936d-3629-4aef-89ed-8a29226d055c	SyntaxError: Unexpected end of JSON input	GET	/subjects/6697c1edccbb9b658f77947d	undefined
July 18th 2024, 7:23:34 am	2809f519-9ca4-46ca-95ab-d718a31de358	MongoServerSelectionError: getaddrinfo ENOTFOUND ac-i3mbrcs-shard-00-01.iowib3b.mongodb.net	GET	/exam-type/all	http://localhost:3000
July 18th 2024, 7:23:34 am	81effcbe-b436-46af-916d-18d1ff87b1d8	MongoServerSelectionError: getaddrinfo ENOTFOUND ac-i3mbrcs-shard-00-01.iowib3b.mongodb.net	GET	/students?page=1	http://localhost:3000
July 18th 2024, 7:23:34 am	9e7239a0-d4ec-4d71-b91c-b6e88d3958da	MongoServerSelectionError: getaddrinfo ENOTFOUND ac-i3mbrcs-shard-00-01.iowib3b.mongodb.net	GET	/students	http://localhost:3000
July 18th 2024, 7:23:36 am	41e40fbc-9cda-40f7-8eee-36e87c0802a1	MongoServerSelectionError: getaddrinfo ENOTFOUND ac-i3mbrcs-shard-00-01.iowib3b.mongodb.net	GET	/exam-type	http://localhost:3000
July 18th 2024, 7:23:36 am	4e2ea1e6-c3d2-43f7-94ac-41fd32ac1c1f	MongoServerSelectionError: getaddrinfo ENOTFOUND ac-i3mbrcs-shard-00-01.iowib3b.mongodb.net	GET	/exam-type?page=1	http://localhost:3000
July 18th 2024, 11:31:31 am	eb3cd279-9cca-4613-a21e-71ded5517826	MongoServerError: E11000 duplicate key error collection: exam.subjects index: subjectName_1 dup key: { subjectName: "new" }	POST	/subjects	http://localhost:3000
July 18th 2024, 7:49:01 pm	e11f2c99-8c03-45a6-881d-435c33e6676c	CastError: Cast to ObjectId failed for value "all" (type string) at path "_id" for model "Chapter"	GET	/chapters/all	undefined
July 21st 2024, 7:59:12 pm	5d847fdc-3b8d-47e0-bb3f-6702f821bfe8	MongoServerError: E11000 duplicate key error collection: exam.questions index: question_1 dup key: { question: "what is the bect town?" }	POST	/questions	undefined
July 21st 2024, 8:12:39 pm	e8080e67-d2fb-4e22-add8-b21e053feddc	ReferenceError: test is not defined	GET	/questions	undefined
July 21st 2024, 8:15:18 pm	126af90e-ad9d-4ec1-a0a5-d563b62f1168	MongoServerError: $and/$or/$nor must be a nonempty array	GET	/questions	undefined
July 22nd 2024, 11:29:05 am	27e96eb9-7f47-4296-8ffe-a69499e3093e	MongoServerError: E11000 duplicate key error collection: exam.questions index: question_1 dup key: { question: "question 5" }	POST	/questions	http://localhost:3000
July 22nd 2024, 12:21:33 pm	df5bc0b7-4a76-4426-b81c-3c8eff3d0f84	ReferenceError: explanation is not defined	POST	/questions	http://localhost:3000
July 22nd 2024, 2:38:14 pm	bfa42e85-3a3c-4fea-901b-510398dc6b88	MongoServerSelectionError: getaddrinfo ENOTFOUND ac-i3mbrcs-shard-00-01.iowib3b.mongodb.net	GET	/exam-type/all	http://localhost:3000
July 22nd 2024, 2:38:14 pm	57f8a03c-8e05-4dc5-8adf-775fbfd96007	MongoServerSelectionError: getaddrinfo ENOTFOUND ac-i3mbrcs-shard-00-01.iowib3b.mongodb.net	GET	/chapters/all	http://localhost:3000
July 22nd 2024, 2:38:14 pm	b1986f96-b0c7-421c-aee2-1364e964ce41	MongoServerSelectionError: getaddrinfo ENOTFOUND ac-i3mbrcs-shard-00-01.iowib3b.mongodb.net	GET	/subjects/all	http://localhost:3000
July 22nd 2024, 2:38:14 pm	0565fa6f-44e2-4fc5-b7d6-5adc38633088	MongoServerSelectionError: getaddrinfo ENOTFOUND ac-i3mbrcs-shard-00-01.iowib3b.mongodb.net	GET	/questions	http://localhost:3000
July 22nd 2024, 2:38:14 pm	43681a49-8327-4aa0-919d-c4e2d47e85ea	MongoServerSelectionError: getaddrinfo ENOTFOUND ac-i3mbrcs-shard-00-01.iowib3b.mongodb.net	GET	/questions?page=1	http://localhost:3000
July 22nd 2024, 2:38:22 pm	4c1e6ecf-abcf-40c3-b91c-ea7ad4836dbe	MongoServerSelectionError: getaddrinfo ENOTFOUND ac-i3mbrcs-shard-00-01.iowib3b.mongodb.net	GET	/exam-type/all	http://localhost:3000
July 22nd 2024, 2:38:22 pm	5fe4f9a4-9462-4e9a-9ba4-27a90f6c0d87	MongoServerSelectionError: getaddrinfo ENOTFOUND ac-i3mbrcs-shard-00-01.iowib3b.mongodb.net	GET	/subjects/all	http://localhost:3000
July 22nd 2024, 2:38:22 pm	98e6fa1d-2c0c-4bc0-8959-37389b7e1139	MongoServerSelectionError: getaddrinfo ENOTFOUND ac-i3mbrcs-shard-00-01.iowib3b.mongodb.net	GET	/chapters/all	http://localhost:3000
July 22nd 2024, 2:38:22 pm	d771b0c3-5525-413a-8525-5cb5412bb03d	MongoServerSelectionError: getaddrinfo ENOTFOUND ac-i3mbrcs-shard-00-01.iowib3b.mongodb.net	GET	/questions	http://localhost:3000
July 22nd 2024, 2:38:22 pm	a013839d-c359-41e0-a830-4b8be4906490	MongoServerSelectionError: getaddrinfo ENOTFOUND ac-i3mbrcs-shard-00-01.iowib3b.mongodb.net	GET	/questions?page=1	http://localhost:3000
July 28th 2024, 9:41:35 pm	c622a6ba-dd57-4791-9e73-a3b7a815e84d	MongoServerSelectionError: getaddrinfo ENOTFOUND ac-i3mbrcs-shard-00-00.iowib3b.mongodb.net	GET	/tests/66a3988b10d905bd146ccf26	http://localhost:3000
July 29th 2024, 10:07:22 am	f8d454ad-ac17-4375-a917-c8467c188240	TypeError: joiSchema.validate is not a function	GET	/tests/669f8c7d22d4e3fadcf52ef3/getQuestions	undefined
July 29th 2024, 3:58:58 pm	76ad4389-bd69-4a07-8328-a1fa8acc3023	Error: Cannot set headers after they are sent to the client	POST	/tests/669f8c7d22d4e3fadcf52ef3/publish	http://localhost:3000
July 29th 2024, 7:12:14 pm	fe276695-d409-40ad-8099-d37b179f910a	MongoServerSelectionError: getaddrinfo ENOTFOUND ac-i3mbrcs-shard-00-00.iowib3b.mongodb.net	GET	/exam-type/all	http://localhost:3000
July 29th 2024, 7:12:14 pm	3a0bae91-9946-4845-8c23-1e6546410840	MongoServerSelectionError: getaddrinfo ENOTFOUND ac-i3mbrcs-shard-00-00.iowib3b.mongodb.net	GET	/chapters/all	http://localhost:3000
July 29th 2024, 7:12:14 pm	786a8aa5-3e3c-4f71-9782-822db5eceb61	MongoServerSelectionError: getaddrinfo ENOTFOUND ac-i3mbrcs-shard-00-00.iowib3b.mongodb.net	GET	/subjects/all	http://localhost:3000
July 29th 2024, 7:12:14 pm	5b32a2f9-2e48-45dc-9942-5c34b43a6f6b	MongoServerSelectionError: getaddrinfo ENOTFOUND ac-i3mbrcs-shard-00-00.iowib3b.mongodb.net	GET	/students	http://localhost:3000
July 29th 2024, 7:12:14 pm	9bc00522-e032-4b7d-89e9-271a82373d58	MongoServerSelectionError: getaddrinfo ENOTFOUND ac-i3mbrcs-shard-00-00.iowib3b.mongodb.net	GET	/students?page=1	http://localhost:3000
July 29th 2024, 7:18:12 pm	2a2f7bad-6ba0-4bdb-bfc2-4d3d865b6548	MongoServerError: E11000 duplicate key error collection: exam.students index: rollNo_1 dup key: { rollNo: "12" }	POST	/students	http://localhost:3000
July 29th 2024, 7:18:17 pm	2de639aa-891b-4205-bec2-19d52aae0a69	MongoServerError: E11000 duplicate key error collection: exam.students index: rollNo_1 dup key: { rollNo: "12" }	POST	/students	http://localhost:3000
July 29th 2024, 7:18:25 pm	9b26bba4-fd32-4ce9-9788-631a5168a860	MongoServerError: E11000 duplicate key error collection: exam.students index: rollNo_1 dup key: { rollNo: "12" }	POST	/students	http://localhost:3000
July 29th 2024, 7:18:35 pm	a6feb2c0-88d6-4bb3-ba28-044b22e8c089	MongoServerError: E11000 duplicate key error collection: exam.students index: rollNo_1 dup key: { rollNo: "12" }	POST	/students	http://localhost:3000
July 29th 2024, 7:32:24 pm	73acf380-c291-414f-be70-204099254232	MongoServerSelectionError: getaddrinfo ENOTFOUND ac-i3mbrcs-shard-00-00.iowib3b.mongodb.net	GET	/questions?page=1	http://localhost:3000
July 29th 2024, 7:32:24 pm	488d0861-5f21-4d01-9ea9-898f94d998ad	MongoServerSelectionError: getaddrinfo ENOTFOUND ac-i3mbrcs-shard-00-00.iowib3b.mongodb.net	GET	/questions	http://localhost:3000
July 30th 2024, 7:14:47 pm	69c5e0b4-faee-4523-8831-e53232947559	TypeError: Cannot read properties of undefined (reading 'length')	PATCH	/tests/669f8c7d22d4e3fadcf52ef3/updateQuestions	http://localhost:3000
July 30th 2024, 7:22:41 pm	779b174a-7c6b-4c7e-85c7-b308a087491a	Error: Cannot set headers after they are sent to the client	POST	/tests/669f8c7d22d4e3fadcf52ef3/publish	http://localhost:3000
July 30th 2024, 7:22:51 pm	e5429d87-306e-4df2-9593-17533ad4a098	Error: Cannot set headers after they are sent to the client	POST	/tests/669f8c7d22d4e3fadcf52ef3/publish	http://localhost:3000
July 30th 2024, 7:27:50 pm	74708f0d-7d10-42df-a313-2267ece70e0e	Error: Cannot set headers after they are sent to the client	POST	/tests/66a3988b10d905bd146ccf26/publish	http://localhost:3000
July 31st 2024, 10:37:33 am	962eff77-ee82-48c0-a42f-531fdb85155a	Error: read ECONNRESET	GET	/questions?page=1	http://localhost:3000
July 31st 2024, 10:37:47 am	c986440a-d211-47dc-b6cc-7cd824fb3a65	Error: read ECONNRESET	GET	/chapters?page=1	http://localhost:3000
July 31st 2024, 10:37:54 am	0beb15c9-2683-47bd-b1cb-bc2cb44e301a	Error: read ECONNRESET	GET	/subjects/all	http://localhost:3000
July 31st 2024, 10:37:54 am	12ab4be7-4756-448e-87cb-c470a996251a	Error: read ECONNRESET	GET	/chapters/all	http://localhost:3000
July 31st 2024, 10:37:55 am	51c20385-8c18-44ce-a2dc-f0906bfd6243	Error: read ECONNRESET	GET	/tests?page=1	http://localhost:3000
July 31st 2024, 10:39:15 am	cdb0f30a-3aaa-4a54-90dd-a2bcb4464c9a	Error: read ECONNRESET	GET	/exam-type/all	http://localhost:3000
July 31st 2024, 10:40:44 am	976a276a-48f4-458e-a054-dd4e0a071051	MongoServerSelectionError: getaddrinfo ENOTFOUND ac-i3mbrcs-shard-00-00.iowib3b.mongodb.net	GET	/subjects/all	http://localhost:3000
July 31st 2024, 10:40:44 am	411440d8-c7f3-4591-84cd-0d85283ed264	MongoServerSelectionError: getaddrinfo ENOTFOUND ac-i3mbrcs-shard-00-00.iowib3b.mongodb.net	GET	/chapters/all	http://localhost:3000
July 31st 2024, 10:40:44 am	15e3bdd8-1d7e-47fc-a5a0-6499eb31351b	MongoServerSelectionError: getaddrinfo ENOTFOUND ac-i3mbrcs-shard-00-00.iowib3b.mongodb.net	GET	/exam-type	http://localhost:3000
July 31st 2024, 11:47:20 am	57ce36c8-d243-4e16-8e79-ec3fcb7dfa5d	Error: Cannot set headers after they are sent to the client	POST	/tests/66a3988b10d905bd146ccf26/publish	http://localhost:3000
July 31st 2024, 11:47:22 am	89dec805-50c6-401e-aaaa-532c0b1d1fa4	Error: Cannot set headers after they are sent to the client	POST	/tests/66a3988b10d905bd146ccf26/publish	http://localhost:3000
July 31st 2024, 4:12:51 pm	994edd0c-ba90-4afd-b391-562d0cd1d41d	ReferenceError: myPlaintextPassword is not defined	POST	/users/register	undefined
July 31st 2024, 7:22:40 pm	39abc474-930a-4d9b-8114-64bdd5446847	TypeError: Cannot read properties of undefined (reading 'startsWith')	GET	/exam-type/all	undefined
July 31st 2024, 7:23:51 pm	0e5b8122-33c0-4947-9f2c-3b474ae79227	TypeError: Cannot read properties of undefined (reading 'split')	GET	/exam-type/all	undefined
